<?xml version="1.0" encoding="UTF-8"?>
<!-- Generated by org.testng.reporters.JUnitXMLReporter -->
<testsuite ignored="0" hostname="DESKTOP-1SUQ5I1" failures="1" tests="1" name="Test" time="3.662" errors="0" timestamp="2024-06-11T23:44:41 IST">
  <testcase classname="com.learn.automation.testcases.LoginTest" name="logintoApp" time="0.0">
    <failure type="org.testng.TestNGException" message="
Method public void com.learn.automation.testcases.LoginTest.logintoApp(java.lang.String,java.lang.String) requires a @DataProvider named : users in class com.learn.automation.dataprovider.customDataProvider">
      <![CDATA[org.testng.TestNGException: 
Method public void com.learn.automation.testcases.LoginTest.logintoApp(java.lang.String,java.lang.String) requires a @DataProvider named : users in class com.learn.automation.dataprovider.customDataProvider
at java.base/java.util.ArrayList.forEach(ArrayList.java:1511)
... Removed 28 stack frames]]>
    </failure>
  </testcase> <!-- logintoApp -->
</testsuite> <!-- Test -->
