<?xml version="1.0" encoding="UTF-8"?>
<testng-results ignored="0" total="1" passed="0" failed="1" skipped="0">
  <reporter-output>
  </reporter-output>
  <suite started-at="2024-06-11T23:44:37 IST" name="Suite" finished-at="2024-06-11T23:44:41 IST" duration-ms="3662">
    <groups>
    </groups>
    <test started-at="2024-06-11T23:44:37 IST" name="Test" finished-at="2024-06-11T23:44:41 IST" duration-ms="3662">
      <class name="com.learn.automation.testcases.LoginTest">
        <test-method is-config="true" signature="setupApplication()[pri:0, instance:com.learn.automation.testcases.LoginTest@192d43ce]" started-at="2024-06-11T23:44:37 IST" name="setupApplication" finished-at="2024-06-11T23:44:41 IST" duration-ms="3472" status="PASS">
          <reporter-output>
          </reporter-output>
        </test-method> <!-- setupApplication -->
        <test-method signature="logintoApp(java.lang.String,java.lang.String)[pri:0, instance:com.learn.automation.testcases.LoginTest@192d43ce]" started-at="2024-06-11T23:44:41 IST" name="logintoApp" finished-at="2024-06-11T23:44:41 IST" duration-ms="0" status="FAIL">
          <exception class="org.testng.TestNGException">
            <message>
              <![CDATA[
Method public void com.learn.automation.testcases.LoginTest.logintoApp(java.lang.String,java.lang.String) requires a @DataProvider named : users in class com.learn.automation.dataprovider.customDataProvider]]>
            </message>
            <full-stacktrace>
              <![CDATA[org.testng.TestNGException: 
Method public void com.learn.automation.testcases.LoginTest.logintoApp(java.lang.String,java.lang.String) requires a @DataProvider named : users in class com.learn.automation.dataprovider.customDataProvider
at org.testng.internal.Parameters.findDataProvider(Parameters.java:526)
at org.testng.internal.Parameters.handleParameters(Parameters.java:763)
at org.testng.internal.Parameters.handleParameters(Parameters.java:728)
at org.testng.internal.invokers.ParameterHandler.handleParameters(ParameterHandler.java:72)
at org.testng.internal.invokers.ParameterHandler.createParameters(ParameterHandler.java:51)
at org.testng.internal.invokers.TestInvoker$MethodInvocationAgent.invoke(TestInvoker.java:924)
at org.testng.internal.invokers.TestInvoker.invokeTestMethods(TestInvoker.java:194)
at org.testng.internal.invokers.TestMethodWorker.invokeTestMethods(TestMethodWorker.java:148)
at org.testng.internal.invokers.TestMethodWorker.run(TestMethodWorker.java:128)
at java.base/java.util.ArrayList.forEach(ArrayList.java:1511)
at org.testng.TestRunner.privateRun(TestRunner.java:829)
at org.testng.TestRunner.run(TestRunner.java:602)
at org.testng.SuiteRunner.runTest(SuiteRunner.java:437)
at org.testng.SuiteRunner.runSequentially(SuiteRunner.java:431)
at org.testng.SuiteRunner.privateRun(SuiteRunner.java:391)
at org.testng.SuiteRunner.run(SuiteRunner.java:330)
at org.testng.SuiteRunnerWorker.runSuite(SuiteRunnerWorker.java:52)
at org.testng.SuiteRunnerWorker.run(SuiteRunnerWorker.java:95)
at org.testng.TestNG.runSuitesSequentially(TestNG.java:1256)
at org.testng.TestNG.runSuitesLocally(TestNG.java:1176)
at org.testng.TestNG.runSuites(TestNG.java:1099)
at org.testng.TestNG.run(TestNG.java:1067)
at org.apache.maven.surefire.testng.TestNGExecutor.run(TestNGExecutor.java:308)
at org.apache.maven.surefire.testng.TestNGXmlTestSuite.execute(TestNGXmlTestSuite.java:71)
at org.apache.maven.surefire.testng.TestNGProvider.invoke(TestNGProvider.java:113)
at org.apache.maven.surefire.booter.ForkedBooter.runSuitesInProcess(ForkedBooter.java:385)
at org.apache.maven.surefire.booter.ForkedBooter.execute(ForkedBooter.java:162)
at org.apache.maven.surefire.booter.ForkedBooter.run(ForkedBooter.java:507)
at org.apache.maven.surefire.booter.ForkedBooter.main(ForkedBooter.java:495)
]]>
            </full-stacktrace>
          </exception> <!-- org.testng.TestNGException -->
          <reporter-output>
          </reporter-output>
        </test-method> <!-- logintoApp -->
        <test-method is-config="true" signature="Teardown()[pri:0, instance:com.learn.automation.testcases.LoginTest@192d43ce]" started-at="2024-06-11T23:44:41 IST" name="Teardown" finished-at="2024-06-11T23:44:41 IST" duration-ms="160" status="PASS">
          <reporter-output>
          </reporter-output>
        </test-method> <!-- Teardown -->
      </class> <!-- com.learn.automation.testcases.LoginTest -->
    </test> <!-- Test -->
  </suite> <!-- Suite -->
</testng-results>
